TN:
SF:packages\cli\src\cli.ts
FN:15,(anonymous_1)
FN:27,(anonymous_2)
FN:43,(anonymous_3)
FN:47,(anonymous_4)
FN:55,(anonymous_5)
FN:63,(anonymous_6)
FN:71,(anonymous_7)
FN:74,(anonymous_8)
FN:81,(anonymous_9)
FN:86,(anonymous_10)
FN:91,(anonymous_11)
FN:96,(anonymous_12)
FNF:12
FNH:11
FNDA:15,(anonymous_1)
FNDA:15,(anonymous_2)
FNDA:15,(anonymous_3)
FNDA:15,(anonymous_4)
FNDA:14,(anonymous_5)
FNDA:1,(anonymous_6)
FNDA:1,(anonymous_7)
FNDA:0,(anonymous_8)
FNDA:1,(anonymous_9)
FNDA:1,(anonymous_10)
FNDA:1,(anonymous_11)
FNDA:1,(anonymous_12)
DA:1,1
DA:2,1
DA:3,1
DA:11,1
DA:16,15
DA:17,15
DA:28,15
DA:29,2
DA:32,13
DA:33,13
DA:36,13
DA:37,0
DA:40,13
DA:47,15
DA:50,15
DA:55,15
DA:56,14
DA:58,14
DA:60,8
DA:61,8
DA:64,1
DA:68,14
DA:71,15
DA:73,1
DA:74,1
DA:76,1
DA:82,1
DA:83,1
DA:87,1
DA:88,1
DA:92,1
DA:93,1
DA:97,1
DA:98,1
LF:34
LH:33
BRDA:28,0,0,2
BRDA:28,0,1,13
BRDA:33,1,0,13
BRDA:33,1,1,13
BRDA:36,2,0,0
BRDA:36,2,1,13
BRDA:56,3,0,1
BRDA:56,3,1,13
BRDA:58,4,0,8
BRDA:58,4,1,6
BRDA:58,5,0,14
BRDA:58,5,1,12
BRDA:62,6,0,8
BRDA:62,6,1,8
BRDA:73,7,0,1
BRDA:73,7,1,0
BRF:16
BRH:14
end_of_record
TN:
SF:packages\notifier\src\index.ts
FN:17,(anonymous_1)
FN:22,(anonymous_2)
FN:54,(anonymous_3)
FN:55,(anonymous_4)
FN:69,(anonymous_5)
FN:77,(anonymous_6)
FN:83,(anonymous_7)
FN:84,(anonymous_8)
FN:85,(anonymous_9)
FN:101,(anonymous_10)
FNF:10
FNH:10
FNDA:17,(anonymous_1)
FNDA:12,(anonymous_2)
FNDA:4,(anonymous_3)
FNDA:4,(anonymous_4)
FNDA:3,(anonymous_5)
FNDA:1,(anonymous_6)
FNDA:8,(anonymous_7)
FNDA:8,(anonymous_8)
FNDA:8,(anonymous_9)
FNDA:2,(anonymous_10)
DA:1,2
DA:2,2
DA:3,2
DA:4,2
DA:5,2
DA:6,2
DA:14,2
DA:18,17
DA:19,17
DA:25,12
DA:26,1
DA:28,11
DA:32,12
DA:33,0
DA:36,12
DA:37,12
DA:39,12
DA:40,10
DA:41,4
DA:42,6
DA:43,5
DA:46,1
DA:50,2
DA:55,4
DA:58,4
DA:62,4
DA:64,4
DA:69,4
DA:70,3
DA:71,2
DA:73,1
DA:77,4
DA:78,1
DA:84,8
DA:85,8
DA:86,8
DA:92,1
DA:94,7
DA:102,2
LF:39
LH:38
BRDA:22,0,0,0
BRDA:25,1,0,1
BRDA:25,1,1,11
BRDA:32,2,0,0
BRDA:32,2,1,12
BRDA:39,3,0,10
BRDA:39,3,1,2
BRDA:40,4,0,4
BRDA:40,4,1,6
BRDA:42,5,0,5
BRDA:42,5,1,1
BRDA:70,6,0,2
BRDA:70,6,1,1
BRDA:86,7,0,1
BRDA:86,7,1,7
BRDA:102,8,0,1
BRDA:102,8,1,1
BRF:17
BRH:15
end_of_record
TN:
SF:packages\shared-assets\src\index.ts
FN:21,(anonymous_1)
FN:43,(anonymous_2)
FNF:2
FNH:2
FNDA:4,(anonymous_1)
FNDA:16,(anonymous_2)
DA:1,4
DA:2,4
DA:21,4
DA:26,4
DA:29,4
DA:43,4
DA:44,16
DA:45,15
DA:46,15
DA:47,11
DA:50,5
LF:11
LH:11
BRDA:44,0,0,15
BRDA:44,0,1,1
BRDA:46,1,0,11
BRDA:46,1,1,4
BRDA:46,2,0,15
BRDA:46,2,1,12
BRF:6
BRH:6
end_of_record
TN:
SF:packages\shared-config\src\index.ts
FN:12,(anonymous_1)
FN:17,(anonymous_2)
FN:21,(anonymous_3)
FN:49,(anonymous_4)
FNF:4
FNH:4
FNDA:4,(anonymous_1)
FNDA:4,(anonymous_2)
FNDA:4,(anonymous_3)
FNDA:2,(anonymous_4)
DA:1,1
DA:2,1
DA:3,1
DA:4,1
DA:11,1
DA:13,4
DA:14,4
DA:18,4
DA:22,4
DA:25,4
DA:26,4
DA:27,3
DA:28,3
DA:29,2
DA:36,4
DA:37,4
DA:38,3
DA:39,3
DA:40,2
DA:46,4
DA:50,2
DA:51,1
DA:55,1
LF:23
LH:23
BRDA:13,0,0,4
BRDA:13,0,1,0
BRDA:26,1,0,3
BRDA:26,1,1,1
BRDA:37,2,0,3
BRDA:37,2,1,1
BRDA:50,3,0,1
BRDA:50,3,1,1
BRF:8
BRH:7
end_of_record
TN:
SF:packages\vscode-extension\src\extension.ts
FN:9,(anonymous_9)
FN:13,(anonymous_10)
FN:15,(anonymous_11)
FN:22,(anonymous_12)
FN:58,activate
FN:63,deactivate
FNF:6
FNH:6
FNDA:9,(anonymous_9)
FNDA:7,(anonymous_10)
FNDA:5,(anonymous_11)
FNDA:4,(anonymous_12)
FNDA:1,activate
FNDA:1,deactivate
DA:1,1
DA:2,1
DA:3,1
DA:6,1
DA:10,9
DA:15,7
DA:16,5
DA:17,4
DA:23,4
DA:24,4
DA:26,4
DA:29,3
DA:30,3
DA:35,3
DA:47,3
DA:54,3
DA:58,1
DA:59,1
DA:60,1
DA:63,1
LF:20
LH:20
BRDA:16,0,0,4
BRDA:16,0,1,1
BRDA:16,1,0,5
BRDA:16,1,1,5
BRDA:26,2,0,1
BRDA:26,2,1,3
BRDA:30,3,0,2
BRDA:30,3,1,1
BRF:8
BRH:8
end_of_record
